4877
941
4378
8262
530
2255
3815
1163
683
4182
5372
288
1547
2085
88
1240
3059
951
3472
562
1121
565
3969
9472
438
96
1705
2118
9600
89
430
6690
5172
578
1532
1971
2604
2007
393
119
8789
3829
1785
2008
7138
3497
677
1252
1059
270
4133
1123
812
222
934
7076
218
829
1944
2968
480
3084
290
1867
4677
913
7869
2884
6169
3459
175
1166
814
2113
1214
6410
129
3384
1065
1914
1706
1249
3349
993
9602
1204
5457
7165
182
369
1208
1539
3938
98
2584
4055
291
149
1213
1621
3765
1308
860
6425
158
14
4203
1040
63
732
3394
93
1
675
887
1245
2947
393
2122
4607
4419
1317
5682
1954
488
411
777
894
93
1598
53
4187
2936
84
11054
2909
1938
1820
496
2000
2992
2673
267
1657
712
859
1363
6639
556
4414
1007
3452
944
3152
2481
200
854
16
2209
2304
9197
4271
1788
1878
6401
615
4444
1466
413
2805
299
156
4184
161
10306
1975
520
860
5035
904
2428
450
655
388
1927
2171
366
1900
3633
273
319
3058
5379
1130
7498
5223
1794
8864
2849
653
984
848
96
1026
1407
4218
4524
9521
3787
3507
413
7008
240
274
1994
278
735
461
1023
126
1070
639
586
1418
3070
4608
2266
216
266
5302
2431
5521
3915
328
892
673
2314
3985
1675
4127
3027
243
608
519
1982
5958
829
1804
882
1051
225
1029
2726
1548
1762
49
4721
8642
1799
383
463
4285
4351
922
2332
465
3358
437
1579
2696
2563
3107
11065
181
177
6203
10264
4099
919
1
1371
1770
716
6045
369
611
2087
3245
7365
6236
7359
425
2237
638
0
4926
762
768
2540
560
2948
144
5858
493
5125
532
1077
4484
4595
1500
1895
236
2539
560
594
1007
5389
866
3105
3035
532
4627
148
345
6849
1246
331
631
4051
1026
4564
112
261
1549
560
1872
1963
3598
1896
25
2516
8205
520
1823
7338
4848
2361
10736
3133
3665
4108
216
1881
4408
191
7164
1801
619
171
891
675
2953
561
3174
7241
1690
1431
202
160
1770
1061
1136
4259
1907
918
7888
304
2524
2716
2521
992
4397
2666
11
1572
56
2359
3103
741
167
1461
5875
109
4082
1749
928
71
2525
2522
84
16
1467
1776
852
619
2141
494
1458
657
908
2377
627
448
858
2067
1206
2268
5835
65
1267
665
1957
5071
3358
4504
728
878
674
564
9218
5383
293
2782
2025
1972
2155
2764
139
3098
3462
4921
1696
994
9333
257
849
846
68
3399
4
1451
1350
782
228
5405
5712
349
1434
2104
2158
6444
1267
2718
3531
568
3773
27
652
526
2144
128
6091
1948
2136
3670
207
7137
2844
2791
595
1131
875
4430
1381
2908
5156
74
1390
1330
1208
361
1358
1842
9
419
1738
2081
275
96
518
1256
918
2386
3049
1989
165
2928
575
3305
191
811
136
10438
5043
1890
6388
1094
838
769
466
615
158
386
406
4
5420
1889
971
1609
990
773
594
4567
6499
521
4918
222
1553
689
3268
237
6238
689
3284
3533
5245
2998
205
268
447
684
525
346
53
106
1455
5671
2382
813
1501
3060
759
1493
1953
441
1887
173
1892
79
1901
850
150
951
4695
157
88
5101
9376
340
1477
7311
2801
8401
68
2170
2495
914
1797
1679
5313
2761
361
8124
479
1842
674
181
138
3838
4142
89
171
3616
231
59
5410
6172
4694
946
3424
1849
66
3136
2811
6570
417
1091
4281
1399
715
4167
4118
7051
3173
1394
2977
453
494
5558
1892
347
1550
379
59
5027
2461
62
1033
601
2163
1728
1458
175
118
1158
2189
486
727
3191
1751
4207
300
201
3342
2865
138
4144
847
2101
4951
294
11
3126
2390
1107
2512
96
1984
4266
4438
4109
181
574
2022
5181
2318
4002
3533
618
264
4507
1926
11324
1061
2962
352
4995
5180
68
477
5433
50
528
117
2274
71
6201
794
4751
5348
640
11259
3515
77
3244
611
92
7887
1505
9197
4000
286
46
3070
77
2087
263
3624
437
859
62
2713
6460
2046
7070
4030
1244
2278
826
1109
1765
4056
3228
961
1998
935
6391
1772
1239
6017
1851
7288
2256
4128
9029
316
7726
96
4045
489
200
551
6413
1662
8347
6864
2280
4712
2145
4214
407
2882
1215
1284
1894
1062
99
2820
3435
1443
1709
2606
2082
8695
1268
1222
2936
176
1012
347
1587
824
1645
72
9
489
15
3790
2479
1035
6446
7143
5287
294
530
9280
1894
1476
2811
69
4185
751
252
1955
7917
1329
1389
506
3319
9170
1278
1889
225
4013
40
4093
190
10410
5113
986
849
2056
948
1499
9178
409
1740
602
3837
1349
1094
4261
2265
80
1987
7358
7676
40
220
843
4792
188
3113
1070
2190
523
2612
5308
1300
591
1285
6378
403
571
8503
136
6524
212
136
1709
2334
5804
3922
135
523
6742
43
397
149
8945
3397
1105
6825
548
1627
430
653
64
624
1208
1075
9582
719
2604
4376
379
159
315
2450
2183
1072
623
7077
25
6
986
1400
6839
652
2039
803
8113
4686
1220
1325
6152
21
2135
5734
3525
148
1210
79
2386
756
480
2235
3288
4326
7744
69
20
1881
105
7578
4092
2979
677
2895
5494
34
1678
270
2128
578
664
966
687
744
14
2380
1045
1722
3530
196
1216
6124
1793
2226
2294
1656
98
400
3467
1081
7772
592
9371
991
3634
2707
10689
143
4421
64
600
206
4493
1324
333
1389
385
9963
650
1027
2232
61
3191
5250
6398
63
2823
2186
683
716
3785
1905
3189
33
5
8116
241
5086
470
2512
375
1161
506
7480
199
1480
897
1365
409
1759
8061
4354
6720
2239
3147
509
685
1887
1899
2502
3840
1717
3709
4517
6416
266
703
4
1980
429
5277
2242
546
2304
873
598
5283
4611
297
370
15
261
2448
182
975
407
2154
42
6799
4834
2346
2992
5640
219
2
382
11
33
6859
1192
398
4035
2413
96
1375
2672
2203
3819
230
8239
7568
8923
17
254
185
334
749
1351
1235
183
4690
186
3851
271
5820
131
447
5395
9492
139
719
846
314
81
4
4953
1792
3507
1437
4976
450
3776
789
975
478
5295
77
2333
677
371
323
3559
1411
9136
1285
4676
14
2722
364
3085
2438
593
8089
371
233
4292
4118
3467
740
1758
3034
2111
121
3156
1025
546
487
4266
3380
1649
2279
5177
448
1361
2046
2123
5916
50
263
523
378
930
6737
1338
1395
5265
3060
1206
1201
62
2792
1497
3061
2158
2746
965
4223
1340
2834
9580
6434
83
6780
804
99
5272
5185
6288
1033
735
1541
8800
1452
1075
9149
211
9235
282
455
1815
1366
4040
1244
4940
205
5522
6678
1536
1222
5298
351
4610
6273
289
4429
1140
4802
926
1376
4261
4365
2273
283
3545
42
564
4107
300
4726
101
903
2950
8381
2088
10174
998
1178
4207
761
353
1949
2648
3131
3480
14
1974
2138
3042
4734
4497
1
762
1668
1077
1946
565
679
362
1717
2585
272
327
383
4756
914
540
910
5039
5516
2968
1730
4026
44
694
1657
1403
3142
176
924
1618
4434
471
1989
5502
1224
3263
501
1719
5837
338
26
2095
1389
1253
1095
5302
3601
7372
1750
257
5221
526
57
4932
824
2073
511
1695
608
3247
2286
300
7650
4629
3519
3578
1001
1745
655
2061
4692
243
3944
2026
2280
48
5014
579
893
76
74
4696
3688
1618
1146
2171
604
1547
1123
525
1976
124
476
501
3311
355
1855
4002
2976
930
220
3180
7008
8602
734
833
1120
4100
34
938
11203
1539
914
1269
1081
2885
1912
191
4544
564
3981
285
1795
7256
743
31
1877
2188
4545
2389
5749
10866
6787
633
67
640
6594
1328
11017
929
2838
293
617
1488
1788
1090
1634
8923
6097
3618
5630
251
5648
7437
432
2977
3213
6706
451
1732
6354
351
4110
4202
1686
5431
615
275
358
589
6326
433
4591
594
270
944
605
8399
908
3371
4954
740
1398
970
11
2280
851
2087
5
1846
6268
2413
3035
1159
205
515
1069
4794
5855
900
957
249
7467
5180
662
324
1965
713
6633
2222
2739
2807
1218
43
10542
1374
714
2264
5987
7176
945
2244
3867
825
749
3393
324
950
981
250
532
782
73
10000
1647
3181
4356
1001
4244
127
722
255
2815
10515
438
1188
1539
6049
2231
2771
2680
489
777
560
1649
295
1532
1738
10294
284
4827
899
5534
67
773
2978
6571
1553
470
450
800
5009
9066
2160
460
4680
545
3847
11195
1317
9587
4971
140
4055
168
1723
1101
874
776
2830
358
211
863
5422
4675
3250
1622
215
1470
19
3414
7051
2677
860
1365
3179
2535
239
1389
8510
669
10507
243
291
424
2445
3311
3232
121
481
1097
9726
2437
52
1753
484
72
927
2506
1203
1539
1900
31
2727
3106
1143
6366
656
1486
81
10224
2836
1625
4249
2785
1002
174
1596
1469
590
741
61
3924
62
3927
3453
5156
1770
6344
313
6175
1370
1534
794
2126
4004
799
3817
1048
328
5729
379
754
6596
169
194
3611
442
2492
4853
8605
644
3742
410
80
1125
20
860
2787
1784
7094
811
406
442
3749
1811
45
236
6916
5776
6729
61
1261
190
933
5267
60
1518
3766
1814
11630
5580
157
3071
136
5659
3903
6196
522
2593
2693
1018
4129
2592
1902
8127
1024
4907
2944
4673
9975
493
1438
47
735
2292
1018
2110
1937
599
2401
63
1951
5286
1463
744
246
5829
605
78
5443
937
3831
784
3092
3657
436
2079
315
921
3629
81
113
3262
1028
8130
2837
4064
7635
238
3147
3065
61
911
9103
869
1112
3511
1560
2536
7780
3301
1878
1599
5423
2539
40
2131
8564
2366
6916
665
1216
3762
444
2440
1721
2392
5902
2283
430
371
636
2674
1873
3052
88
3216
5041
5122
7946
695
4958
4716
8079
2679
5037
2170
415
582
3603
2351
8365
4498
334
3170
888
11334
840
1482
4838
7502
5606
6484
903
335
2656
976
7359
985
5291
1151
161
638
2352
400
101
508
44
964
3035
4021
252
2528
1199
187
1374
61
4314
126
4753
8916
380
770
1970
2635
11379
1647
5049
586
7173
999
491
1152
617
4400
957
822
1439
7917
3943
616
1253
5294
2327
1701
6
1623
7560
910
3983
162
1357
1017
3278
3176
1865
536
5099
800
650
2767
6109
8825
708
7026
517
113
842
2027
341
435
2594
896
45
1524
6742
1308
92
2461
1297
52
3582
539
1046
4519
133
1270
1083
9256
6709
1442
2379
4714
683
5100
2311
4464
974
24
3652
2543
9392
4382
2252
1694
439
1489
2193
729
6659
4539
1526
1507
1515
197
33
842
413
57
1885
458
2240
574
421
3072
6343
1127
3558
213
2458
6058
59
23
2348
2441
707
201
3059
219
618
1171
10239
308
2590
1210
3142
1494
581
2975
822
4576
1248
2722
452
120
549
2298
4719
1857
3785
8445
736
8844
3401
1196
6923
379
1455
6244
2268
614
1779
1671
4265
4201
2695
979
983
390
1086
657
3779
1247
858
1929
2479
66
591
3579
9019
5686
10133
1218
2542
1786
10
1686
117
7835
392
964
2532
1251
693
4584
9
2062
833
55
79
308
2005
1865
3666
4510
1840
3607
1806
2170
2892
2967
338
339
178
1671
773
6004
153
4276
403
12
593
2520
717
22
1624
2914
397
2029
2280
3628
4994
488
3098
5673
609
1308
319
52
4609
61
309
1557
6256
1217
5436
3237
3023
1975
1020
441
1286
477
2950
363
258
7
303
4741
30
973
404
1324
188
4256
2633
7697
101
6346
3028
61
5844
432
5600
69
310
1803
532
304
72
1469
2172
245
419
780
1282
609
110
749
204
4355
3590
2755
353
680
4636
49
186
5105
315
516
1955
159
1351
733
8651
3256
1357
1201
2187
6678
1707
3031
188
3539
3042
4527
2920
7128
3479
683
216
6987
3208
55
2295
1190
982
2165
5069
1131
2690
8392
5150
3017
129
9657
4322
1835
3807
5137
289
5175
1162
476
2134
10757
1568
2194
1659
25
719
406
3817
10424
50
57
185
2509
1504
5960
2027
9253
2449
5237
486
1838
302
976
4435
422
142
227
505
3610
547
240
2581
9454
572
523
6107
2911
2215
2536
988
9182
271
692
7604
1298
467
8373
489
2235
2125
5594
3946
892
1964
1578
7750
6
7297
2951
543
2609
7421
3853
3434
2266
7037
6282
917
2960
677
422
237
714
1057
1679
206
502
1548
1173
3043
1533
3346
1543
5165
1067
3677
87
219
2188
284
2126
6864
4190
706
274
4194
2504
354
2962
1313
769
891
578
7
3350
5522
3673
6674
1850
3810
1725
511
727
744
988
595
10269
4506
9776
1306
6803
10259
1381
3765
5942
64
7309
463
2033
3134
4834
725
314
2573
1588
3196
4
92
606
168
5269
1190
970
282
4958
6304
3843
3171
1363
2941
284
465
7759
474
4914
5659
262
1700
2901
3806
10850
11192
2360
656
1162
3921
2736
122
199
3163
1615
5149
3285
122
1687
5530
34
1791
2952
9695
1547
663
1811
1005
6156
538
76
2953
498
2926
130
3541
1382
256
259
2328
4020
1843
264
219
565
4948
2222
160
7450
5716
588
2939
6737
2902
2831
355
4927
426
5224
674
681
131
145
650
316
3653
3105
7409
4492
2360
26
8678
2240
512
3928
2628
9484
943
166
7874
4861
3027
441
4177
1230
2982
3948
208
3373
593
221
176
2667
6208
2826
175
5194
343
9052
6619
4211
8044
1746
7291
2777
6347
1120
135
6015
1072
2267
1886
498
5162
7948
1272
257
116
4698
87
691
1795
4653
42
6137
1216
788
3602
735
370
445
9315
101
3274
134
1715
620
2776
1313
1221
3339
2222
584
3308
1266
63
8748
651
5538
2313
49
2647
846
257
6461
292
342
1337
569
73
8681
13
4596
27
425
383
1127
22
2868
6471
11
1036
10
1203
8682
2757
11
82
1652
3134
3297
812
149
2834
2223
808
4828
349
472
71
2955
528
3144
843
1039
5102
1445
2745
1566
664
3943
202
6122
574
2213
1310
3213
2989
4104
3423
312
792
1408
5527
3677
236
7957
517
2137
2387
8788
2009
4374
66
471
2902
93
412
2984
4054
3024
1930
1246
2463
3510
6308
114
536
1497
1063
633
3155
443
302
6515
51
330
2684
8910
2036
647
202
163
3396
1358
2525
376
654
868
1316
758
2462
3029
19
636
1269
2267
3847
2610
3177
3143
1580
2237
6821
99
2026
3441
896
2924
2389
3504
314
6624
9417
1632
21
116
1949
4641
714
17
640
493
8921
2548
172
89
313
3550
500
5687
1568
89
2512
181
172
9967
3383
317
2876
623
87
153
80
4288
107
5436
163
2407
4945
13
5949
2706
567
283
1394
1949
2070
67
3694
55
130
6588
602
385
2438
10351
95
1021
7121
3596
1282
5254
2256
2313
195
3539
4468
289
886
2941
1382
1305
5405
970
790
1330
1553
531
1786
6326
2861
9418
1339
6948
209
2626
98
25
2549
1549
747
765
1215
460
1167
4100
348
144
1838
5530
95
103
1799
933
1977
32
848
186
5340
526
2787
1790
217
608
2310
2509
695
3110
3037
9495
3568
1376
1086
3152
6275
198
1170
7061
1530
944
2171
650
2231
2507
4694
1515
302
181
2366
1251
494
3378
6240
2094
1488
6107
2892
7795
2835
575
731
493
253
1255
657
636
27
3354
430
1652
3033
5627
3028
3062
324
3064
563
3444
11039
1037
962
5846
8662
59
632
557
739
6555
851
291
7518
1673
101
509
4218
3976
2233
596
1928
615
2240
591
3379
2262
533
525
913
3238
388
1252
1968
1088
5307
3060
1313
278
2121
7284
2756
9900
1256
4648
2649
6345
1173
493
315
4338
2537
473
2338
4510
78
6560
368
58
1547
5272
2725
9885
7223
858
3731
542
720
1150
976
5362
1309
3200
504
2970
1303
9129
6525
3147
3987
2820
8412
33
100
900
766
821
6909
391
480
3142
921
2480
564
3940
113
344
6026
778
842
1279
48
1339
5564
279
6629
5649
614
1395
2898
1448
4199
1379
577
282
262
7169
57
1267
5123
8544
1862
4806
263
435
558
3112
77
627
804
527
236
1437
958
329
3507
626
2695
4342
3312
8829
284
120
1621
414
54
5331
1601
2404
4000
1298
3929
4815
7141
125
2856
6999
1903
3653
2443
1712
2399
2074
432
694
2689
2680
305
904
4993
5175
251
7621
567
1093
18
3863
1766
2348
3028
2433
206
827
6126
2200
352
27
110
75
2992
3322
414
2132
1944
3790
7998
8677
580
2653
4345
1598
2009
805
317
1229
60
916
1636
214
1553
1680
415
6439
3700
2452
1199
239
3419
1075
3617
267
1912
2220
1261
567
4415
3874
1865
8016
7800
2821
1504
3989
3129
2973
379
5069
937
581
3016
1773
3574
2575
200
839
4733
9875
383
2876
2232
42
643
2037
1102
4765
420
1714
639
397
5080
3451
5816
3580
11920
