22943803743182884
4230437958661489
11148560086174564
23712808303391769
4342566568811409
32364827110957441
22854919209049225
9682361823414049
10791091173551329
18620582715049536
8880147021259024
19369601295331225
7465698392658529
7434532477350225
23712808303391769
9334907876624929
23222691070184761
7465698392658529
9400408344224209
20954653900186176
15417969368221456
12364014901862464
16202062087357041
5993244333106209
23745937493814561
12364014901862464
14078891319486016
9055719075817764
32364827110957441
23222691070184761
14740484014056025
20954653900186176
9055719075817764
18785637129218436
32364827110957441
22854919209049225
18637716679920529
10791091173551329
9761309189238244
31261131454063329
15417969368221456
16433418072095236
20954653900186176
9713964001589136
9713964001589136
10825490000728225
6858011684750769
23222691070184761
12002150783531584
17759347534696804
21415756475960289
5213576754830404
29845336929480900
10596558365851396
29845336929480900
19843029363322944
9370988859761424
7968262898326129
9229957920928900
11626382443095616
19843029363322944
14776303360036761
11626382443095616
8135756594068041
7897497074186769
6101603431043121
7509819717734656
27652649786957881
23745937493814561
6674212887572736
23712808303391769
9055719075817764
31261131454063329
17018753324931136
17759347534696804
10825490000728225
31261131454063329
10272560949371449
6674212887572736
17018753324931136
21415756475960289
11626382443095616
21415756475960289
23072276337272100
23712808303391769
6101603431043121
18802759088661409
9714206065091584
4268889985848049
1775064387669169
23222691070184761
12002150783531584
6101603431043121
14078891319486016
17017582633422849
6406864079466321
8165282007802500
9055719075817764
19369601295331225
23072276337272100
10745858757870756
4575340189670121
19843029363322944
5250084089311296
6406864079466321
13965987213017284
14301629854294084
10272560949371449
14776303360036761
29845336929480900
31261131454063329
11626382443095616
8880147021259024
11626382443095616
14460581984665600
9129047288418304
6919919413718809
16202062087357041
19843029363322944
1918450687214884
8570318182976169
11004897052275984
20954653900186176
21159169879162561
5315922053536900
23745937493814561
15259170983952289
19369601295331225
14231277699216561
14776303360036761
8165282007802500
20954653900186176
17018753324931136
6919919413718809
11626382443095616
9682361823414049
9129047288418304
23745937493814561
12364014901862464
14740484014056025
10825490000728225
12415674363666025
16245122684798736
14460581984665600
9169423924037881
19843029363322944
29845336929480900
10596558365851396
1999340454580225
23072276337272100
23222691070184761
3118310536167225
20954653900186176
10791091173551329
18785637129218436
14582250875374081
1999340454580225
9714206065091584
23712808303391769
21415756475960289
17018753324931136
4966767205337025
29845336929480900
17018753324931136
8834347557264100
1775064387669169
18785637129218436
7465698392658529
32364827110957441
6919919413718809
32364827110957441
2799165357165321
19843029363322944
11466420015239641
5167362506528161
7051664754104481
6858011684750769
16245122684798736
31261131454063329
12348031321916416
20954653900186176
29845336929480900
23222691070184761
6858011684750769
29845336929480900
7465698392658529
19843029363322944
11626382443095616
17759347534696804
22854919209049225
10825490000728225
4979882283294961
17018753324931136
10791091173551329
9713964001589136
10476278061323481
32364827110957441
16456369788158689
32364827110957441
32364827110957441
26590665158805136
10154380276413025
11570986064716324
15480831844404081
5960858929146801
23608073587656100
9958981349732416
5726420182456996
33958112238652900
12110681596325764
4473644426254864
23175722360176516
6933491044802569
20430556588508004
9783286812429001
23175722360176516
7906697576069769
33958112238652900
6488623737376036
2893827680787481
14694876322880625
15480831844404081
24227259327770724
6523952502496144
17930447257344400
35750243526713104
7086091750871329
14694876322880625
23608073587656100
11325669753736900
11410117810331409
11044660557216400
19529851198571536
24296788048032900
11924743085022784
13433040873792016
23175722360176516
17621974953397369
6859442107419001
24232427219253124
7086091750871329
17909102254111236
5726420182456996
26590665158805136
23175722360176516
11570986064716324
21953142812764900
21953142812764900
23569592476927225
8337590426505649
12040781752406016
8308589936252089
21953142812764900
6106173883124121
20474373205916100
8308589936252089
35281173904137225
11410117810331409
16022601967893889
6859442107419001
10154380276413025
11487593128436100
17621974953397369
10154380276413025
15480831844404081
11179252017648324
4351407347179204
11487593128436100
8308589936252089
16700322340494529
15697572072162304
10736098687831609
20264741319026961
35750243526713104
14235896457404176
6773502171061521
8227954870205625
7321370080650025
11410117810331409
5462629415617609
11418736457646144
8706797716309729
24296788048032900
19245977107676641
4351407347179204
23608073587656100
8706797716309729
2046207758160784
13149051114553344
9987432551002449
7834623041720836
11924743085022784
33958112238652900
11410117810331409
23175722360176516
3276526700348209
23569592476927225
7470401426442256
6523952502496144
23175722360176516
35750243526713104
7912732990159936
23608073587656100
9731553384660496
10567606028495044
4272674736490000
23569592476927225
9731553384660496
4141275274213081
11410117810331409
23569592476927225
21953142812764900
12707678864612281
23569592476927225
35750243526713104
35750243526713104
5824338826830736
10026649931851921
11487593128436100
8227954870205625
23608073587656100
19245977107676641
21953142812764900
5053171484149569
14206022011804324
7912732990159936
24227259327770724
21953142812764900
18764807212181809
5116385967192889
22276886068660356
34801236798402816
11410117810331409
11227638156302500
24227259327770724
19245977107676641
23175722360176516
11227638156302500
17014904309498481
15697572072162304
12110681596325764
1529063378497600
16022601967893889
12707678864612281
35281173904137225
19245977107676641
7906697576069769
3541973448699361
12040781752406016
11924743085022784
33958112238652900
7086091750871329
33958112238652900
6488623737376036
3276526700348209
8277271057881081
24227259327770724
5986174308677641
4296607425414144
6859442107419001
10304298168787921
21953142812764900
16022601967893889
10736098687831609
11179252017648324
11570986064716324
9783286812429001
14206022011804324
23569592476927225
6490066342658704
17909102254111236
4351407347179204
8308589936252089
5602156489478025
4056796338210225
16022601967893889
20074324402164321
5462629415617609
24227259327770724
13431365229450289
35750243526713104
5824338826830736
5824338826830736
16022601967893889
20474373205916100
10567606028495044
13433040873792016
3848495073337600
15480831844404081
35281173904137225
16022601967893889
17014904309498481
7086091750871329
11410117810331409
12040781752406016
13431365229450289
8382432102918129
17109146461348096
24227259327770724
35281173904137225
19500982414062724
13207351781637049
37195856732451076
18115576331009689
11372042678448400
17093176395765625
11559536508631225
30247173672785316
20533969164523369
11284195712139025
17093176395765625
30247173672785316
4396846348038400
20533969164523369
48030008929620004
19500982414062724
26889637832282404
8940061415402404
19500982414062724
18115576331009689
11372042678448400
7889007854687569
13214747897643889
17846827006128289
11306946564852129
48030008929620004
11057972145413449
19407210067116169
7864304862599056
25481327291066089
48030008929620004
19407210067116169
11559536508631225
30273474964649536
20533969164523369
17363557700347609
7411180934062656
26889637832282404
20533969164523369
48030008929620004
9919317202701361
19407210067116169
9140935938330564
25481327291066089
2458452072528400
9556771246387600
10820779743942529
7961775358745961
6987586185119089
17435401648598761
36175880232176400
11328109718889649
17363557700347609
36175880232176400
17846827006128289
18502897746977449
34108755333771364
26889637832282404
7088373015010576
26889637832282404
25481327291066089
19500982414062724
20533969164523369
7974887568555076
7560413100804496
9140935938330564
16721675586533124
10872079206563169
9186373288624900
30247173672785316
17846827006128289
12611662838755600
7196861001519225
6975779824645956
11306946564852129
12751750955169801
30247173672785316
6861278222805889
9186373288624900
14268365091868644
18115576331009689
12611662838755600
19407210067116169
20494651602459024
7256014181782081
17846827006128289
26889637832282404
30273474964649536
17475487884552996
10872079206563169
11559536508631225
18115576331009689
7121618428061124
10091673945240976
12065902495389604
10872079206563169
3016156972202500
6861473875352196
5765023371918001
17099550084501504
2267683733761209
17846827006128289
36175880232176400
20533969164523369
5743771227179584
5765023371918001
5531645533751089
18502897746977449
9186373288624900
37195856732451076
17363557700347609
14268365091868644
17900744258957569
11559536508631225
6574751439995281
2136568040150625
36175880232176400
37195856732451076
13214747897643889
9186373288624900
36175880232176400
6550811080800561
19500982414062724
5881664244456081
6914047890768516
37195856732451076
26889637832282404
34890034137942564
13284422930641041
11559536508631225
5675698525421824
20533969164523369
12065902495389604
30247173672785316
13284422930641041
19407210067116169
6987586185119089
9186373288624900
48030008929620004
30247173672785316
25481327291066089
3393983728020649
11738792875404100
48030008929620004
13284422930641041
19407210067116169
17846827006128289
5800502642982961
18470120099232400
8619889681776321
6034700225988889
36175880232176400
5765023371918001
30273474964649536
16182754537639936
19407210067116169
30247173672785316
5765023371918001
9692757907758025
13284422930641041
19500982414062724
6189820610720569
36175880232176400
11372042678448400
14142983422124176
7974887568555076
17846827006128289
48030008929620004
7864304862599056
9919317202701361
37195856732451076
19407210067116169
5765023371918001
17363557700347609
30247173672785316
30247173672785316
6987586185119089
6674618922152281
7196861001519225
14899488511298521
19500982414062724
35294803995144996
7088373015010576
5531645533751089
5743771227179584
13214747897643889
14268365091868644
11559536508631225
11285821257684516
17363557700347609
11372042678448400
9540100881433600
34890034137942564
9186373288624900
14460851831771524
36175880232176400
17846827006128289
9329451920671744
10112741185639876
11372042678448400
14702103279972900
10519187430348100
22876665350115600
19205841305989881
10617610074236944
12448545486302500
7013085674012224
10617610074236944
28983523119939441
16358803422765444
19963596554078464
14637519278899456
14637519278899456
7929173019177216
16183897934402500
7929173019177216
3969583023409129
28983523119939441
20016112483412721
21485160800017929
10344704204148561
19963596554078464
21620048167805476
22876665350115600
22876665350115600
8733187711728676
14026610461056064
14702103279972900
7748903608012449
19618643751431761
17764742745820249
7748903608012449
11199365781627136
10214440454245225
28983523119939441
16034311276008921
4271085582652849
14047059141684100
21620048167805476
19963596554078464
19205841305989881
17891500845583225
36614290166234881
1752697148031076
22487361875189689
16358803422765444
12506178823536784
21485160800017929
4916853246556729
13179577499080281
28983523119939441
10173206788883856
14702103279972900
13179577499080281
18831750136422976
4958249692225600
10827999726405625
18770585671489369
13179577499080281
7571727521674276
5412159547199161
12830132544530625
16358803422765444
16049260756948329
7897216965166369
4560003367673209
14645090327643801
19618643751431761
10303606490649124
21485160800017929
16183897934402500
34373779609592241
14645090327643801
21424463200676484
15450067134293401
19963596554078464
17663967090716164
11637771841035025
19335614442553600
16049260756948329
20016112483412721
10173206788883856
28983523119939441
10969980354930276
8008398173039716
10969980354930276
14637519278899456
18770585671489369
36614290166234881
6466456106261284
18831750136422976
11199365781627136
14637519278899456
7566506263434889
9284380645851081
7929173019177216
19963596554078464
8313069358321225
4958249692225600
14026610461056064
11197155798424996
10173206788883856
6896297797690401
14637519278899456
16899120951431161
12830132544530625
19963596554078464
9180764878750864
16034311276008921
5147025764700625
2225003805642916
20016112483412721
19205841305989881
12448545486302500
21620048167805476
18831750136422976
6091386032318224
34373779609592241
14637519278899456
7929173019177216
6747097553555524
19963596554078464
6896297797690401
14645090327643801
14341230325775376
34373779609592241
6553897413261025
20437697984067529
12830132544530625
7566506263434889
28983523119939441
5161295666096964
16899120951431161
14387879671462144
19335614442553600
3198600591293584
14645090327643801
19803670853466256
6069469797867204
7013085674012224
19963596554078464
11514332979619600
6091386032318224
21424463200676484
36614290166234881
5371881146161924
14341230325775376
13179577499080281
16034311276008921
10617610074236944
3969583023409129
16034311276008921
12830132544530625
10173206788883856
28983523119939441
7013085674012224
20016112483412721
12830132544530625
19963596554078464
36614290166234881
7013085674012224
7929173019177216
22487361875189689
24631345372375225
14047059141684100
18770585671489369
7748903608012449
6946088152808025
7013085674012224
4622821907047569
6896297797690401
1276573517430561
4622821907047569
36614290166234881
12506178823536784
18770585671489369
14645090327643801
13312718855131536
34373779609592241
10969980354930276
14637519278899456
13993436603936449
21485160800017929
16049260756948329
7743375564588304
10617610074236944
36614290166234881
6946088152808025
24631345372375225
5876305614414225
36614290166234881
22487361875189689
12830132544530625
16899120951431161
16899120951431161
22487361875189689
21485160800017929
11514332979619600
13179577499080281
7748903608012449
8356400192569104
23068946298083904
7703649611170969
15716606375492100
8714151180745924
7924329127727401
4372042315059241
8714151180745924
1136183219338489
8581670833486864
22611827404311616
15716606375492100
8752439979634576
12512548858845025
14599944240192441
11824232972225521
6669283289862400
7419016687433796
39815754255633316
7336622619803569
18080567833856004
13968427690738609
29079417143588161
11629502912669929
16596742217782336
12351908662217881
13182618558892225
19421481352950625
28483311549840016
19421481352950625
39815754255633316
20494548527725584
17567703842536225
29079417143588161
8739716333602500
19033240832064144
15587398399347009
7026629283800064
9589863218055409
15868879026684121
23746165558172281
9521472719305156
15868879026684121
11399492946854464
7884715763830084
28944523134810000
11031022572255625
13968427690738609
12088179648202564
39815754255633316
28483311549840016
23746165558172281
15716606375492100
22097029718585809
8356400192569104
9589863218055409
14254879239652401
4288313121655369
17287710917907600
28483311549840016
10949171524847521
18225179010439569
10411495493533696
18968687139098449
4718065384830625
29079417143588161
14421655655679204
8297063640591961
23588212462857025
9801907455003889
8297063640591961
13968427690738609
3629808490443664
23746165558172281
15916799022269209
18968687139098449
17289942252000625
8909556107298025
9199632553531225
23746165558172281
10949171524847521
9801907455003889
5309488786005121
29079417143588161
8739716333602500
23068946298083904
8581670833486864
29079417143588161
23746165558172281
28483311549840016
7703649611170969
15868879026684121
24669970238232900
6890771167827561
14233330600211529
39815754255633316
14254879239652401
7924329127727401
13194653518488289
14233330600211529
17567703842536225
9220535021762689
23588212462857025
8168360387356324
15716606375492100
7924329127727401
8297063640591961
13025498944558864
7074666881659521
8319501612535204
7419016687433796
12095951678670409
12351908662217881
15916799022269209
10710086131286116
7884715763830084
20494548527725584
8141821944882025
17159455020774609
8297063640591961
17567703842536225
28483311549840016
15868879026684121
5935469764000000
8168360387356324
13158968209802116
6890771167827561
4372850885176225
8356400192569104
7580601193955904
17567703842536225
20494548527725584
10949171524847521
7074666881659521
15587398399347009
8946949712892489
11629502912669929
28483311549840016
12351908662217881
17567703842536225
16720701361719601
15868879026684121
6575714601008400
12351908662217881
23746165558172281
14599944240192441
7928096490739881
10067361458682564
39815754255633316
23746165558172281
39815754255633316
9521472719305156
16263756536360356
11629502912669929
15718654419387364
23746165558172281
14233330600211529
22611827404311616
10949171524847521
2751721216836201
7580601193955904
3612719815869025
23588212462857025
10844826140865025
11399492946854464
9589863218055409
7703649611170969
5781510553700025
39815754255633316
17287710917907600
12351908662217881
7336622619803569
8297063640591961
9521472719305156
12351908662217881
12088179648202564
18080567833856004
10710086131286116
16380342732118369
7237893277004481
22611827404311616
18225179010439569
8033320176121681
6537573716509696
17567703842536225
15531199949335225
17567703842536225
23588212462857025
22097029718585809
11139763278935929
22611827404311616
23588212462857025
17567703842536225
9199632553531225
13194653518488289
18225179010439569
8526265061301729
16596742217782336
8297063640591961
8297063640591961
