16210.7795204884
3061746.5587477228
741721.4384410830
8555.6492902211
7026352.0917682042
4257590.3843921889
12558926.5615096819
52137578.7412449196
16654049.1123435088
58858804.3085315302
862428.8675497764
13448276.3655224387
559667.0222323380
2188684.4178882376
86785052.2406482249
2123037.3013225305
9017671.3668678701
5875568.9278043900
3447855.4515043288
16165740.8693394549
25315666.7675288469
8018021.1652221074
11091156.0230605602
90506999.4054253995
11419968.2321707141
66394.5394244977
-22717.6109144198
28538368.1120950021
728450.0465344363
27300029.0004595406
54314.5492408573
73475970.4773378223
871553.0943935096
107254341.3566810191
160407892.1373986602
8768111.0919903554
55563017.8037858158
1318442.7677628077
30900678.7509489134
75620678.5259192735
52680761.2080275863
13310978.1494799796
105664890.7740160376
12576583.0008090362
33766372.8088953346
89197991.7449741811
5914524.9411692442
47288315.6163802519
7576463.8170110239
1022303.4230256383
13488071.6079564728
118874912.3117346019
5863175.6954842834
14739253.2899201848
22810377.3501931876
184790.5375265196
64581615.0183339715
130178.3039404170
64652601.1564300284
33139711.5405955166
6474349.0627323603
52677151.7940380052
134697180.7665628195
2861270.3618454910
23869860.7671064325
106013.7513849039
33168895.3852041140
5838297.0054827956
46488958.1012548879
95378.5241403575
27627752.9328702688
1868371.7300845210
2860282.0311522535
101174923.7862614095
4682294.0584329022
24835100.4794763662
6780178.0772621082
5086697.3835571874
4251213.6382731032
1377247.5418392683
5558684.0665588137
11211644.0141185448
116606704.3552344143
1375176.5281448024
25077680.0920337588
28135330.7543524168
76888809.0550702959
127838493.5507838875
