147482917580
9832035921
18292123543
43800753465
25868143269
13033215907
15159079370
94384364730
54417166430
37379083614
39537859353
123119557013
113897697357
11999233114
32979886713
20224723273
897180588
52446656220
41917655078
36002914195
14610993970
89307212938
113105519742
140375325479
73069094778
4709211716
84148707782
12109652453
105882882531
19628587417
96221115254
51900895659
3935257033
26980592741
147482917580
33079917487
77314321231
20585073440
78893042333
70256180336
7251593412
32063696165
19174232646
61551820150
24649201221
9213738869
65649196179
59186832325
57250421920
70817798587
50563404012
122393241727
43800753465
2063658149
77314321231
60464517427
5938152669
51462494452
4794695612
44942280722
12904686804
90786220197
113641380966
5709079422
35455973842
68688137432
98521293145
47871700941
92913440897
45638874808
73960408372
78968254813
63333125260
84207614913
87854752820
20889414858
64778210873
53042699986
51553003229
62439736412
276781949
47113147174
80776724983
55898086090
79920508423
586750302
0
32073215503
884298776
2193960705
35680163127
44261084749
44410569077
77502733713
24479237750
74634600431
71334706222
103490361098
5285442901
23901361314
22042350302
62381460562
49597596160
53371202000
23604182984
9541151896
48984956113
10521938038
9479162642
105492958290
29283658738
71833057155
21446061598
36720631948
46797726758
56759120144
11500665673
51511673335
42631942741
116919068502
12597414071
87502759435
60520850799
53408456231
52121386671
111018648471
37586478954
17248265006
35830341574
9115926876
11174409265
6459040774
13301389966
5284907352
11434954261
111000137872
23403587347
2165740607
77609588388
51353663916
33549629664
73619903107
7018992180
1812841789
4532362637
76910474560
18410647697
0
4744199559
39688033692
53952157577
15271876590
87907362780
88834653187
105601765757
10014723739
91112139754
36875885382
49928730097
130468899886
38567325779
16825037525
17387383614
46756788378
3544074248
113127588181
10123564199
102781027069
93115031258
77541242186
1908569332
45131907711
17598482912
22483660084
51721712658
35079450995
9240818233
5722537986
5187016005
38167835931
47485242790
61241514262
131268314310
9994094186
35549471884
72539547344
41439461825
32724479954
636227886
85456961640
36720631948
11518186518
18466999447
5667645348
17849753018
24479237750
31814011020
12933334961
7522748830
3733368620
29552836656
57332143686
23403587347
92913440897
111191125072
2470843717
82157410636
60625567954
35407146435
36567408557
24982424893
114132366
37107823067
26789066662
0
6214934618
11136390981
68029685766
35965486940
29569152707
26281373926
92418306282
53069720124
81267523060
68934189064
11108890515
8384173656
42238569397
119456855139
77126550794
84283772528
50977177028
43859886362
67402985944
42238569397
82029461021
45408368290
5301148371
62729710424
111843834840
4723859791
99906234751
99105609206
1690937646
6850323384
8799842756
50564386523
35130834096
45937980579
2112312841
16031667040
11171541740
1943187923
31723285750
107672300866
123367306212
78392239704
23403587347
10609568137
85794923413
56278852752
67943465071
19351972240
28272443281
4016703128
49605855577
7453871273
76690498240
19983190308
139478375152
98201539495
55191278593
27971320310
14581930906
6799512617
104917630410
43882576782
16331992342
19377831705
27062988876
123119557013
39255957055
63831170248
11571538686
16773946363
74541855178
39537859353
41853774299
0
18275081196
26989828276
47730231157
26990773808
122495768
100805422529
85328211015
84014388214
91254360590
93533947666
23418110549
35549471884
107071048382
39891513362
79488074078
70879198431
8658628291
73915334425
50232400628
10358222809
105777957687
89229570941
42923560743
8269237528
93206112392
111843834840
81651001337
9443627924
112482080961
64525174339
104113377422
40510655911
21725251494
70606229669
56083303517
4785571327
63210504608
14997355281
101870453323
21945432738
105709223062
103572921133
24479237750
11256180682
69569968577
39393970249
48133476194
25752915247
23320297778
59689058860
29797057706
13622708403
91711020828
121872353622
11329969537
8857944993
9479162642
32061007637
47785488477
31586256265
43894728374
28201570071
84764428073
37328306283
15669342720
57468056417
19248389514
4959055606
123370995493
2844591282
17767835183
92511105168
64012085413
22617335894
33708461306
681859568
48450579164
63308175737
0
27080623515
81744461624
73815201613
14487086892
56792288176
55635034347
0
0
45718297608
76117525535
65332231627
59664791082
13431036070
51184224040
34594083531
27470584484
12084792891
81790608935
102640026566
83298904979
9430944569
85838366406
40463382657
144725815064
76608362920
50252325707
9997346208
919143158
46889558975
73203682572
32197878856
51863944128
45353739913
69353096169
71476250253
61546204220
70456685575
56199357213
89713411026
75807254946
49665378919
15404368437
86639604745
69576147741
79055603026
20432443350
1690937646
55715742950
43483711494
83580667821
18271772066
42313176495
44838958477
104382280664
70250296466
9920346614
69099300148
92020425376
32609304726
66830678867
77897986257
5738820231
30044761018
19679612873
14070728822
79686311095
28265926619
15249878124
59512549467
38613275794
5797500467
17048970375
77778181227
61377015651
104341113217
23612490628
35628022107
71340108663
27932616282
0
55379471386
56936946787
10551327302
12101290432
8599679745
2242222661
33709549534
54742534040
51184224040
7366565835
129118786229
2996849158
43510101377
68031293758
46013039765
17200713191
120756793416
29982913420
129160963257
44191159852
25875559744
23458713027
49117461463
14776758531
59552446995
13658301932
51058995190
76673957050
104540148891
58442000727
96630529503
49533104152
48001858467
31586256265
12320586110
52515187243
68181998033
8818578767
50299569745
7228297451
6799025350
22173771984
32609304726
94219335006
104777532056
21706800303
69011874685
127635766873
51623687734
41051328650
83128834493
98380036581
33378345709
13857145250
6491716567
21488546819
49269419282
29683584451
44082429972
4257702877
13068957957
34616569008
0
41936058351
63857978147
57120753181
136576338393
27660093679
29683584451
10209040040
0
57687717786
86634315915
21379465995
33203175688
18880005558
69600175293
1257085100
62916159291
8990635590
121927430937
6892077364
41280038451
84864458847
41084632008
37283022508
23075718369
98873794540
1876660151
59066476644
40648756930
21316114346
64492457453
10014723739
50246113044
13134784512
120600528851
76746463939
16548203178
5667742662
22759473101
49522114662
31469055075
66661402048
21945432738
2181767665
34915611329
22594110349
64348016307
65849266330
30381754390
3733368620
62071706837
45286895120
12320586110
6634118711
54677389549
105809746362
40823225573
63509474263
5767398230
17548242802
0
127754722774
32516004957
59245916322
12545554836
48160623634
76910474560
125184448181
46161504594
67165839743
86427307298
54901634995
43597109192
37138137823
46092866542
33200870539
56748757210
100660382493
10535467110
44966250784
55234105092
17932528120
30343704882
134362007530
14051464526
897180588
40287033654
1923925029
27244732242
106845739722
20753272216
5566831564
51867409064
5986799015
15140321547
11419110870
76811439103
27922529471
55474505892
54279481067
66503945261
63820373308
21195283024
11548596364
43603597697
1061346963
102333670731
54538205101
91450258148
14250058030
48818336379
139043720599
92777833531
67837693370
76627847015
10580526916
3801117907
38067896867
72097358751
70150262416
21258877091
21956169567
25006959998
70671311428
2927912427
42100468378
16625891055
2063658149
31666358317
12165026272
11215736162
55595454835
86009153172
51396010515
7963630178
6942756173
56485236465
10209040040
45638874808
24048016129
31056031513
80188952534
86797640767
115824422287
17767835183
35523832223
2821881364
21582913364
118093597065
65985585421
5938152669
49795636882
73775338557
12104372748
58658809056
52172020912
37218479901
64858448285
30958881996
81651001337
56339535368
1572307538
0
91341450396
43869877425
56103371259
35588296031
33051619358
62000518500
98781724728
17358466851
90963725557
13694175833
5411711513
34616569008
78499773132
85315705076
8526673555
50772321129
16165154228
41672335301
24395932058
106252851216
65649256226
31909181
73994609710
84675167572
79216789895
85938524890
52191670574
40148212922
24395932058
0
23307802821
6596140415
62785372525
99105609206
56339535368
32120140534
44460230536
67925202520
142836831718
135014831156
40256100452
40066395579
112038279095
27290283101
24484258456
26591830835
5064112163
12773072316
107883334860
29982913420
0
29935710013
60817569493
32191966228
81411634464
49005701828
47217469002
2928894740
67813223484
39255957055
74541855178
5929220652
38810974784
95432819286
26689216038
27080623515
17321003806
13720976612
6634118711
44910053412
53156516186
103304494442
74369463624
77401920360
120021843892
44838958477
0
12268258831
31269417588
24390469986
21223295641
88761835712
76627847015
52811110291
62858218729
27523038553
15094553204
50705201131
2577790382
40563260016
582828973
33653945050
19657595904
69359985723
106252851216
13447687529
0
75264414870
41845360460
3735750602
8874031634
50752002618
10528803219
48659413208
18001251909
30064146737
72328630225
58636749252
79452937577
22864740943
140065198761
652709768
0
109776693614
29174237892
37657497785
8306337912
33549629664
89205866787
113616691786
14978240487
85230393873
51203801186
40463382657
8105856475
68787587433
21297788385
26117856835
73093454023
7339738907
2372952625
9783642575
52324531640
24025786060
52696977925
4992919861
59229283907
47706744224
111543734781
58122092679
43086628387
37170197655
0
35624953382
20023678481
5375501602
28989807115
86284358451
45709507024
19406478527
31482751933
579263937
46282927446
20502792298
95507789645
65435441627
16672525341
4100029442
33966156909
99280326299
105663581846
82477749034
36832214121
49815027000
64226005604
35429776777
12815422184
11324316670
3919442377
10504357422
86634315915
138019938910
10377611778
4474070462
40226593717
28745356830
77840882284
17460939946
54061810025
14718753936
37583798187
108667370682
82818962144
19628530478
1908569332
29036136873
18040131997
72615028842
42494385744
21520456000
57923413286
19366328780
146175343797
25381302682
17391011304
414530879
79216789895
37263537508
22040751847
3889528387
29105615791
69314291971
28995935044
19558976537
3919442377
16886692066
15967442539
30185410013
66730263080
62325083436
66460390978
3732398178
11725475112
76383578957
122495768
9556517574
40185705747
62516489980
108330398578
42226714435
112257194978
24180795506
36512551063
100555604702
27387308120
0
42259092867
77957119154
29165513004
9500755511
45878847682
61986683351
8818578767
77401920360
31177841070
56356404240
78711366928
83057550385
29982913420
83802182786
1161004865
10848415520
33079917487
17621530624
45286895120
56199357213
73302052179
49016865294
14487086892
7057677868
83284945144
27347985817
124846504018
81790608935
16270402146
43510101377
54803736403
64457691770
69099300148
91822063941
43654114924
26210463842
3919442377
56759120144
73065581553
122887207890
103033846624
19981003545
6406124589
39608487635
87771186126
33286138486
6892077364
18577363395
10209457141
12634971297
64145779168
109728198675
56386425821
0
33079917487
8075658159
35170520812
92281221349
0
34565782632
41367272045
93989671670
106558699158
28274646047
77778181227
15393319045
55898086090
17321003806
6994216288
21680048177
49533104152
82281768515
124961464975
109649003864
769351253
30185012120
110772094164
0
137960806013
59133001620
9430944569
6879110247
882682929
18393200560
14702223444
29694314228
29645795614
107112597395
13275408650
52492755072
28841775921
96042099833
11136390981
38904446172
2742247887
17321003806
101747877944
2137505490
33855764888
18239418644
64147978717
